<?xml version="1.0" encoding="UTF-8"?>
<testsuites name="bun test" tests="952" assertions="2663" failures="0" skipped="2" time="177.9492171">
  <testsuite name="src\config\providers.test.ts" file="src\config\providers.test.ts" tests="4" assertions="5" failures="0" skipped="0" time="0.0120552" hostname="">
    <testsuite name="ProviderRegistry — apiProtocol mapping" file="src\config\providers.test.ts" line="43" tests="4" assertions="5" failures="0" skipped="0" time="0.001" hostname="">
      <testcase name="maps an explicit api_protocol value through to the config" classname="ProviderRegistry — apiProtocol mapping" time="0.001654" file="src\config\providers.test.ts" line="52" assertions="1" />
      <testcase name="treats a NULL api_protocol as undefined (default applied later at model build)" classname="ProviderRegistry — apiProtocol mapping" time="0.000516" file="src\config\providers.test.ts" line="58" assertions="1" />
      <testcase name="maps &apos;responses&apos; for a native OpenAI provider" classname="ProviderRegistry — apiProtocol mapping" time="0.000311" file="src\config\providers.test.ts" line="64" assertions="1" />
      <testcase name="list() exposes apiProtocol but never the api key" classname="ProviderRegistry — apiProtocol mapping" time="0.000568" file="src\config\providers.test.ts" line="70" assertions="2" />
    </testsuite>
  </testsuite>
  <testsuite name="src\lib\progress-tracker.test.ts" file="src\lib\progress-tracker.test.ts" tests="8" assertions="23" failures="0" skipped="0" time="0.0047392" hostname="">
    <testsuite name="progress-tracker" file="src\lib\progress-tracker.test.ts" line="11" tests="8" assertions="23" failures="0" skipped="0" time="0" hostname="">
      <testcase name="starts with no stages" classname="progress-tracker" time="0.000151" file="src\lib\progress-tracker.test.ts" line="12" assertions="3" />
      <testcase name="creates a stage on first tool execution start" classname="progress-tracker" time="0.000197" file="src\lib\progress-tracker.test.ts" line="20" assertions="4" />
      <testcase name="aggregates multiple calls to the same category into one stage" classname="progress-tracker" time="0.00011" file="src\lib\progress-tracker.test.ts" line="32" assertions="3" />
      <testcase name="groups different tools in the same category into one stage" classname="progress-tracker" time="0.000047" file="src\lib\progress-tracker.test.ts" line="53" assertions="4" />
      <testcase name="marks unknown tools as generic execute stage" classname="progress-tracker" time="0.00003" file="src\lib\progress-tracker.test.ts" line="73" assertions="3" />
      <testcase name="marks stage as failed on tool error" classname="progress-tracker" time="0.000028" file="src\lib\progress-tracker.test.ts" line="86" assertions="2" />
      <testcase name="prior stages stay completed when a later stage fails" classname="progress-tracker" time="0.000053" file="src\lib\progress-tracker.test.ts" line="98" assertions="3" />
      <testcase name="no tools called → empty progress" classname="progress-tracker" time="0.000017" file="src\lib\progress-tracker.test.ts" line="118" assertions="1" />
    </testsuite>
  </testsuite>
  <testsuite name="src\services\ai.test.ts" file="src\services\ai.test.ts" tests="7" assertions="10" failures="0" skipped="0" time="0.1775613" hostname="">
    <testsuite name="ai model factory — apiProtocol resolution" file="src\services\ai.test.ts" line="110" tests="7" assertions="10" failures="0" skipped="0" time="0.056" hostname="">
      <testcase name="native OpenAI explicit &apos;responses&apos; → /responses" classname="ai model factory — apiProtocol resolution" time="0.035294" file="src\services\ai.test.ts" line="117" assertions="2" />
      <testcase name="native OpenAI defaults to &apos;responses&apos;" classname="ai model factory — apiProtocol resolution" time="0.001135" file="src\services\ai.test.ts" line="123" assertions="1" />
      <testcase name="custom explicit &apos;chat-completions&apos; → /chat/completions" classname="ai model factory — apiProtocol resolution" time="0.004563" file="src\services\ai.test.ts" line="128" assertions="2" />
      <testcase name="custom (Agnes) defaults to &apos;chat-completions&apos;" classname="ai model factory — apiProtocol resolution" time="0.001112" file="src\services\ai.test.ts" line="134" assertions="1" />
      <testcase name="ollama defaults to &apos;chat-completions&apos;" classname="ai model factory — apiProtocol resolution" time="0.000825" file="src\services\ai.test.ts" line="139" assertions="1" />
      <testcase name="custom provider is configurable to &apos;responses&apos;" classname="ai model factory — apiProtocol resolution" time="0.002354" file="src\services\ai.test.ts" line="146" assertions="1" />
      <testcase name="chat-completions streaming issues a /chat/completions stream request" classname="ai model factory — apiProtocol resolution" time="0.01303" file="src\services\ai.test.ts" line="151" assertions="2" />
    </testsuite>
  </testsuite>
  <testsuite name="src\services\browser.test.ts" file="src\services\browser.test.ts" tests="19" assertions="23" failures="0" skipped="2" time="0.0337684" hostname="">
    <testsuite name="todo schema" file="src\services\browser.test.ts" line="5" tests="5" assertions="5" failures="0" skipped="0" time="0.001" hostname="">
      <testcase name="accepts a valid add" classname="todo schema" time="0.001251" file="src\services\browser.test.ts" line="6" assertions="1" />
      <testcase name="rejects add without text" classname="todo schema" time="0.000149" file="src\services\browser.test.ts" line="9" assertions="1" />
      <testcase name="rejects toggle without id" classname="todo schema" time="0.000032" file="src\services\browser.test.ts" line="12" assertions="1" />
      <testcase name="accepts list with a filter" classname="todo schema" time="0.000022" file="src\services\browser.test.ts" line="15" assertions="1" />
      <testcase name="rejects an unknown action" classname="todo schema" time="0.000052" file="src\services\browser.test.ts" line="18" assertions="1" />
    </testsuite>
    <testsuite name="browser read schema" file="src\services\browser.test.ts" line="23" tests="3" assertions="7" failures="0" skipped="0" time="0" hostname="">
      <testcase name="requires a url for open" classname="browser read schema" time="0.000471" file="src\services\browser.test.ts" line="24" assertions="2" />
      <testcase name="requires a prompt for extract" classname="browser read schema" time="0.00004" file="src\services\browser.test.ts" line="28" assertions="2" />
      <testcase name="allows snapshot/get/screenshot with no extra args" classname="browser read schema" time="0.000021" file="src\services\browser.test.ts" line="32" assertions="3" />
    </testsuite>
    <testsuite name="browser action schema" file="src\services\browser.test.ts" line="39" tests="4" assertions="6" failures="0" skipped="0" time="0" hostname="">
      <testcase name="requires a ref for click" classname="browser action schema" time="0.00049" file="src\services\browser.test.ts" line="40" assertions="2" />
      <testcase name="requires ref and text for fill" classname="browser action schema" time="0.000053" file="src\services\browser.test.ts" line="44" assertions="2" />
      <testcase name="requires a key for press" classname="browser action schema" time="0.00003" file="src\services\browser.test.ts" line="50" assertions="1" />
      <testcase name="requires a prompt for act" classname="browser action schema" time="0.000022" file="src\services\browser.test.ts" line="53" assertions="1" />
    </testsuite>
    <testsuite name="browser adapter binary handling" file="src\services\browser.test.ts" line="60" tests="2" assertions="0" failures="0" skipped="2" time="0" hostname="">
      <testcase name="reports a missing binary for read operations" classname="browser adapter binary handling" time="0" file="src\services\browser.test.ts" line="63" assertions="0">
        <skipped />
      </testcase>
      <testcase name="reports a missing binary for action operations" classname="browser adapter binary handling" time="0" file="src\services\browser.test.ts" line="68" assertions="0">
        <skipped />
      </testcase>
    </testsuite>
    <testsuite name="normalizeBrowserUrl (open command only)" file="src\services\browser.test.ts" line="75" tests="5" assertions="5" failures="0" skipped="0" time="0" hostname="">
      <testcase name="prepends http:// to a bare host:port" classname="normalizeBrowserUrl (open command only)" time="0.000102" file="src\services\browser.test.ts" line="76" assertions="1" />
      <testcase name="prepends http:// to a bare IP:port" classname="normalizeBrowserUrl (open command only)" time="0.00015" file="src\services\browser.test.ts" line="79" assertions="1" />
      <testcase name="prepends http:// to a bare domain" classname="normalizeBrowserUrl (open command only)" time="0.000021" file="src\services\browser.test.ts" line="82" assertions="1" />
      <testcase name="leaves an http:// URL unchanged" classname="normalizeBrowserUrl (open command only)" time="0.000009" file="src\services\browser.test.ts" line="85" assertions="1" />
      <testcase name="leaves an https:// URL unchanged" classname="normalizeBrowserUrl (open command only)" time="0.000008" file="src\services\browser.test.ts" line="88" assertions="1" />
    </testsuite>
  </testsuite>
  <testsuite name="src\services\credentials.test.ts" file="src\services\credentials.test.ts" tests="8" assertions="16" failures="0" skipped="0" time="0.0967091" hostname="">
    <testsuite name="CredentialStore (local DEK encryption)" file="src\services\credentials.test.ts" line="44" tests="8" assertions="16" failures="0" skipped="0" time="0.019" hostname="">
      <testcase name="generates and persists a local data-encryption key on first init" classname="CredentialStore (local DEK encryption)" time="0.000074" file="src\services\credentials.test.ts" line="45" assertions="2" />
      <testcase name="sets and gets a secret round-trip" classname="CredentialStore (local DEK encryption)" time="0.003416" file="src\services\credentials.test.ts" line="53" assertions="2" />
      <testcase name="keeps the secret available across a simulated restart" classname="CredentialStore (local DEK encryption)" time="0.000333" file="src\services\credentials.test.ts" line="60" assertions="2" />
      <testcase name="replaces an existing credential" classname="CredentialStore (local DEK encryption)" time="0.001313" file="src\services\credentials.test.ts" line="67" assertions="1" />
      <testcase name="deletes a credential" classname="CredentialStore (local DEK encryption)" time="0.000845" file="src\services\credentials.test.ts" line="72" assertions="2" />
      <testcase name="fails safely on corrupted ciphertext" classname="CredentialStore (local DEK encryption)" time="0.012988" file="src\services\credentials.test.ts" line="78" assertions="1" />
      <testcase name="logs credential.error on decrypt failure (funnel proof)" classname="CredentialStore (local DEK encryption)" time="0.001157" file="src\services\credentials.test.ts" line="87" assertions="4" />
      <testcase name="never persists the plaintext secret" classname="CredentialStore (local DEK encryption)" time="0.00238" file="src\services\credentials.test.ts" line="104" assertions="2" />
    </testsuite>
  </testsuite>
  <testsuite name="src\services\todo.test.ts" file="src\services\todo.test.ts" tests="9" assertions="15" failures="0" skipped="0" time="0.020691" hostname="">
    <testsuite name="todo service" file="src\services\todo.test.ts" line="9" tests="9" assertions="15" failures="0" skipped="0" time="0.015" hostname="">
      <testcase name="rejects when no thread context is supplied" classname="todo service" time="0.000117" file="src\services\todo.test.ts" line="10" assertions="1" />
      <testcase name="adds an item and returns the current list" classname="todo service" time="0.00131" file="src\services\todo.test.ts" line="14" assertions="3" />
      <testcase name="assigns increasing positions deterministically" classname="todo service" time="0.005418" file="src\services\todo.test.ts" line="21" assertions="2" />
      <testcase name="toggles the done state" classname="todo service" time="0.002475" file="src\services\todo.test.ts" line="29" assertions="2" />
      <testcase name="updates text and done" classname="todo service" time="0.001613" file="src\services\todo.test.ts" line="36" assertions="2" />
      <testcase name="isolates items per thread" classname="todo service" time="0.001002" file="src\services\todo.test.ts" line="44" assertions="1" />
      <testcase name="removes an item" classname="todo service" time="0.001395" file="src\services\todo.test.ts" line="49" assertions="1" />
      <testcase name="clears all items" classname="todo service" time="0.002344" file="src\services\todo.test.ts" line="55" assertions="1" />
      <testcase name="filters by active and done" classname="todo service" time="0.002637" file="src\services\todo.test.ts" line="61" assertions="2" />
    </testsuite>
  </testsuite>
  <testsuite name="tests\integration\approval-lifecycle.test.ts" file="tests\integration\approval-lifecycle.test.ts" tests="6" assertions="16" failures="0" skipped="0" time="0.0416949" hostname="">
    <testsuite name="server approval gate lifecycle" file="tests\integration\approval-lifecycle.test.ts" line="132" tests="3" assertions="11" failures="0" skipped="0" time="0.025" hostname="">
      <testcase name="pauses before approval and never executes" classname="server approval gate lifecycle" time="0.007353" file="tests\integration\approval-lifecycle.test.ts" line="133" assertions="4" />
      <testcase name="approve → executes exactly once → result → model continues" classname="server approval gate lifecycle" time="0.013304" file="tests\integration\approval-lifecycle.test.ts" line="144" assertions="4" />
      <testcase name="deny → never executes → denial reaches the model" classname="server approval gate lifecycle" time="0.005781" file="tests\integration\approval-lifecycle.test.ts" line="164" assertions="3" />
    </testsuite>
    <testsuite name="pruning × approval lifecycle (production path)" file="tests\integration\approval-lifecycle.test.ts" line="185" tests="3" assertions="5" failures="0" skipped="0" time="0.008" hostname="">
      <testcase name="an approved response followed by a later user turn EXPIRES: no execution, fresh gate" classname="pruning × approval lifecycle (production path)" time="0.00448" file="tests\integration\approval-lifecycle.test.ts" line="186" assertions="2" />
      <testcase name="a completed interaction is NOT re-executed on replay (dedupe keeps output)" classname="pruning × approval lifecycle (production path)" time="0.003563" file="tests\integration\approval-lifecycle.test.ts" line="216" assertions="1" />
      <testcase name="thread isolation: another thread&apos;s approval parts never appear in history" classname="pruning × approval lifecycle (production path)" time="0.001828" file="tests\integration\approval-lifecycle.test.ts" line="255" assertions="2" />
    </testsuite>
  </testsuite>
  <testsuite name="tests\integration\chat-runs.test.ts" file="tests\integration\chat-runs.test.ts" tests="2" assertions="12" failures="0" skipped="0" time="0.7822946" hostname="">
    <testsuite name="chat run cancel endpoint" file="tests\integration\chat-runs.test.ts" line="72" tests="2" assertions="12" failures="0" skipped="0" time="0.546" hostname="">
      <testcase name="404s unknown and malformed stream ids" classname="chat run cancel endpoint" time="0.005842" file="tests\integration\chat-runs.test.ts" line="73" assertions="1" />
      <testcase name="aborting the client leaves the run alive; explicit cancel settles it" classname="chat run cancel endpoint" time="0.541238" file="tests\integration\chat-runs.test.ts" line="78" assertions="11" />
    </testsuite>
  </testsuite>
  <testsuite name="tests\integration\conversation-config.test.ts" file="tests\integration\conversation-config.test.ts" tests="10" assertions="37" failures="0" skipped="0" time="0.0573474" hostname="">
    <testsuite name="per-conversation config — real Hono app" file="tests\integration\conversation-config.test.ts" line="45" tests="3" assertions="15" failures="0" skipped="0" time="0.025" hostname="">
      <testcase name="POST /api/conversations defaults modelId + reasoningLevel to the active provider" classname="per-conversation config — real Hono app" time="0.011884" file="tests\integration\conversation-config.test.ts" line="51" assertions="5" />
      <testcase name="PATCH /api/conversations/:id persists providerId + modelId + reasoningLevel" classname="per-conversation config — real Hono app" time="0.006573" file="tests\integration\conversation-config.test.ts" line="68" assertions="7" />
      <testcase name="PATCH normalizes an explicit null modelId/reasoningLevel to a no-op (no clobber)" classname="per-conversation config — real Hono app" time="0.008112" file="tests\integration\conversation-config.test.ts" line="101" assertions="3" />
    </testsuite>
    <testsuite name="per-conversation config — chat route fallback (resolveChatModel seam)" file="tests\integration\conversation-config.test.ts" line="127" tests="3" assertions="7" failures="0" skipped="0" time="0.008" hostname="">
      <testcase name="an omitted request model/reasoningLevel falls back to the conversation&apos;s persisted default" classname="per-conversation config — chat route fallback (resolveChatModel seam)" time="0.005157" file="tests\integration\conversation-config.test.ts" line="128" assertions="3" />
      <testcase name="an explicit request model/reasoningLevel wins over the conversation default" classname="per-conversation config — chat route fallback (resolveChatModel seam)" time="0.003865" file="tests\integration\conversation-config.test.ts" line="161" assertions="2" />
      <testcase name="no conversation + no request fields falls back to the active provider default" classname="per-conversation config — chat route fallback (resolveChatModel seam)" time="0.000639" file="tests\integration\conversation-config.test.ts" line="184" assertions="2" />
    </testsuite>
    <testsuite name="conversation status lifecycle (regular/archived)" file="tests\integration\conversation-config.test.ts" line="197" tests="4" assertions="15" failures="0" skipped="0" time="0.014" hostname="">
      <testcase name="POST creates regular conversations" classname="conversation status lifecycle (regular/archived)" time="0.005478" file="tests\integration\conversation-config.test.ts" line="198" assertions="2" />
      <testcase name="archive/unarchive round-trips through PATCH and persists" classname="conversation status lifecycle (regular/archived)" time="0.00503" file="tests\integration\conversation-config.test.ts" line="210" assertions="6" />
      <testcase name="rejects the obsolete 4-state statuses" classname="conversation status lifecycle (regular/archived)" time="0.004441" file="tests\integration\conversation-config.test.ts" line="240" assertions="5" />
      <testcase name="narrows ?status= filtering to regular/archived" classname="conversation status lifecycle (regular/archived)" time="0.000937" file="tests\integration\conversation-config.test.ts" line="261" assertions="2" />
    </testsuite>
  </testsuite>
  <testsuite name="tests\integration\conversation-engine-routes.test.ts" file="tests\integration\conversation-engine-routes.test.ts" tests="6" assertions="27" failures="0" skipped="0" time="0.0437332" hostname="">
    <testsuite name="conversation routes — engine / opencodeAgent / opencodeModel pass-through" file="tests\integration\conversation-engine-routes.test.ts" line="39" tests="6" assertions="27" failures="0" skipped="0" time="0.039" hostname="">
      <testcase name="POST /api/conversations persists engine + opencodeAgent + opencodeModel" classname="conversation routes — engine / opencodeAgent / opencodeModel pass-through" time="0.009506" file="tests\integration\conversation-engine-routes.test.ts" line="59" assertions="7" />
      <testcase name="POST /api/conversations without the fields defaults engine to &apos;direct&apos; (edge case)" classname="conversation routes — engine / opencodeAgent / opencodeModel pass-through" time="0.006528" file="tests\integration\conversation-engine-routes.test.ts" line="85" assertions="4" />
      <testcase name="PATCH /api/conversations/:id updates engine + opencodeAgent + opencodeModel" classname="conversation routes — engine / opencodeAgent / opencodeModel pass-through" time="0.008782" file="tests\integration\conversation-engine-routes.test.ts" line="100" assertions="6" />
      <testcase name="PATCH rejects an invalid engine enum value with 400 (edge case)" classname="conversation routes — engine / opencodeAgent / opencodeModel pass-through" time="0.005372" file="tests\integration\conversation-engine-routes.test.ts" line="131" assertions="2" />
      <testcase name="PATCH with null opencodeAgent/opencodeModel clears them while keeping engine" classname="conversation routes — engine / opencodeAgent / opencodeModel pass-through" time="0.007054" file="tests\integration\conversation-engine-routes.test.ts" line="152" assertions="4" />
      <testcase name="GET /api/conversations/:id returns the persisted fields" classname="conversation routes — engine / opencodeAgent / opencodeModel pass-through" time="0.00492" file="tests\integration\conversation-engine-routes.test.ts" line="178" assertions="4" />
    </testsuite>
  </testsuite>
  <testsuite name="tests\integration\engine-guards.test.ts" file="tests\integration\engine-guards.test.ts" tests="11" assertions="50" failures="0" skipped="0" time="0.1228674" hostname="">
    <testsuite name="POST /api/chat — engine guard" file="tests\integration\engine-guards.test.ts" line="103" tests="1" assertions="8" failures="0" skipped="0" time="0.01" hostname="">
      <testcase name="rejects an opencode row with 422 ENGINE_MISMATCH and creates no run" classname="POST /api/chat — engine guard" time="0.01087" file="tests\integration\engine-guards.test.ts" line="104" assertions="8" />
    </testsuite>
    <testsuite name="ensureOpenCodeSession — engine guard (service seam)" file="tests\integration\engine-guards.test.ts" line="149" tests="2" assertions="8" failures="0" skipped="0" time="0.007" hostname="">
      <testcase name="rejects a direct row: throws EngineMismatchError, no pointer written" classname="ensureOpenCodeSession — engine guard (service seam)" time="0.004018" file="tests\integration\engine-guards.test.ts" line="154" assertions="4" />
      <testcase name="rejects a legacy (no engine field) row: same guard, no pointer" classname="ensureOpenCodeSession — engine guard (service seam)" time="0.003911" file="tests\integration\engine-guards.test.ts" line="185" assertions="4" />
    </testsuite>
    <testsuite name="positive paths — direct/legacy rows still pass both guards" file="tests\integration\engine-guards.test.ts" line="216" tests="3" assertions="13" failures="0" skipped="0" time="0.039" hostname="">
      <testcase name="POST /api/chat admits a direct row (no ENGINE_MISMATCH, run minted)" classname="positive paths — direct/legacy rows still pass both guards" time="0.014989" file="tests\integration\engine-guards.test.ts" line="217" assertions="4" />
      <testcase name="POST /api/chat admits a legacy row (no engine field, no ENGINE_MISMATCH)" classname="positive paths — direct/legacy rows still pass both guards" time="0.013802" file="tests\integration\engine-guards.test.ts" line="261" assertions="3" />
      <testcase name="ensureOpenCodeSession admits an opencode row (guard does not fire, hermetic)" classname="positive paths — direct/legacy rows still pass both guards" time="0.01212" file="tests\integration\engine-guards.test.ts" line="296" assertions="6" />
    </testsuite>
    <testsuite name="DELETE /api/conversations/:id — OpenCode session termination (Phase 6)" file="tests\integration\engine-guards.test.ts" line="437" tests="5" assertions="21" failures="0" skipped="0" time="0.058" hostname="">
      <testcase name="direct conversation: no terminate attempted, conversation deleted" classname="DELETE /api/conversations/:id — OpenCode session termination (Phase 6)" time="0.010796" file="tests\integration\engine-guards.test.ts" line="438" assertions="4" />
      <testcase name="opencode conversation with bound session: termination attempted + deleted" classname="DELETE /api/conversations/:id — OpenCode session termination (Phase 6)" time="0.011695" file="tests\integration\engine-guards.test.ts" line="462" assertions="5" />
      <testcase name="opencode conversation with NO session: no crash, deleted" classname="DELETE /api/conversations/:id — OpenCode session termination (Phase 6)" time="0.01177" file="tests\integration\engine-guards.test.ts" line="491" assertions="4" />
      <testcase name="terminate reports not-found (session already gone): DELETE still completes" classname="DELETE /api/conversations/:id — OpenCode session termination (Phase 6)" time="0.009592" file="tests\integration\engine-guards.test.ts" line="517" assertions="3" />
      <testcase name="terminate transport failure: DELETE completes, warn path observed" classname="DELETE /api/conversations/:id — OpenCode session termination (Phase 6)" time="0.01733" file="tests\integration\engine-guards.test.ts" line="551" assertions="5" />
    </testsuite>
  </testsuite>
  <testsuite name="tests\integration\logs-settings.test.ts" file="tests\integration\logs-settings.test.ts" tests="9" assertions="50" failures="0" skipped="0" time="0.029549" hostname="">
    <testsuite name="logs settings REST" file="tests\integration\logs-settings.test.ts" line="39" tests="3" assertions="13" failures="0" skipped="0" time="0.006" hostname="">
      <testcase name="reports level, targets, and env lock" classname="logs settings REST" time="0.003953" file="tests\integration\logs-settings.test.ts" line="40" assertions="4" />
      <testcase name="persists valid settings and applies them live" classname="logs settings REST" time="0.00283" file="tests\integration\logs-settings.test.ts" line="48" assertions="6" />
      <testcase name="rejects invalid settings" classname="logs settings REST" time="0.001035" file="tests\integration\logs-settings.test.ts" line="64" assertions="3" />
    </testsuite>
    <testsuite name="logs file settings" file="tests\integration\logs-settings.test.ts" line="82" tests="2" assertions="12" failures="0" skipped="0" time="0.002" hostname="">
      <testcase name="round-trips file sink config and validates it" classname="logs file settings" time="0.001915" file="tests\integration\logs-settings.test.ts" line="83" assertions="5" />
      <testcase name="reports retention metadata with the file list" classname="logs file settings" time="0.001666" file="tests\integration\logs-settings.test.ts" line="111" assertions="7" />
    </testsuite>
    <testsuite name="logs recent REST" file="tests\integration\logs-settings.test.ts" line="132" tests="1" assertions="12" failures="0" skipped="0" time="0.002" hostname="">
      <testcase name="filters by level, search, and limit" classname="logs recent REST" time="0.002066" file="tests\integration\logs-settings.test.ts" line="133" assertions="12" />
    </testsuite>
    <testsuite name="http edge coverage" file="tests\integration\logs-settings.test.ts" line="171" tests="2" assertions="9" failures="0" skipped="0" time="0.012" hostname="">
      <testcase name="logs every failed response and successful requests centrally" classname="http edge coverage" time="0.011843" file="tests\integration\logs-settings.test.ts" line="172" assertions="6" />
      <testcase name="demotes routine elicitation polls to debug (failures still warn)" classname="http edge coverage" time="0.001304" file="tests\integration\logs-settings.test.ts" line="194" assertions="3" />
    </testsuite>
    <testsuite name="logs files REST" file="tests\integration\logs-settings.test.ts" line="208" tests="1" assertions="4" failures="0" skipped="0" time="0.001" hostname="">
      <testcase name="lists no files when the sink is off and 404s unknowns" classname="logs files REST" time="0.001388" file="tests\integration\logs-settings.test.ts" line="209" assertions="4" />
    </testsuite>
  </testsuite>
  <testsuite name="tests\integration\mcp-v2.test.ts" file="tests\integration\mcp-v2.test.ts" tests="25" assertions="84" failures="0" skipped="0" time="63.7686378" hostname="">
    <testsuite name="test isolation" file="tests\integration\mcp-v2.test.ts" line="14" tests="1" assertions="1" failures="0" skipped="0" time="0" hostname="">
      <testcase name="uses an isolated DATA_DIR, never the developer database" classname="test isolation" time="0.000041" file="tests\integration\mcp-v2.test.ts" line="15" assertions="1" />
    </testsuite>
    <testsuite name="v2 client over InMemoryTransport (era negotiation)" file="tests\integration\mcp-v2.test.ts" line="20" tests="3" assertions="11" failures="0" skipped="0" time="0.051" hostname="">
      <testcase name="connects, negotiates legacy era, discovers tools/resources/prompts" classname="v2 client over InMemoryTransport (era negotiation)" time="0.045587" file="tests\integration\mcp-v2.test.ts" line="21" assertions="9" />
      <testcase name="executes tools and surfaces tool-level errors as isError" classname="v2 client over InMemoryTransport (era negotiation)" time="0.005073" file="tests\integration\mcp-v2.test.ts" line="58" assertions="2" />
      <testcase name="answers roots/list and sends roots list-changed without error" classname="v2 client over InMemoryTransport (era negotiation)" time="0.001819" file="tests\integration\mcp-v2.test.ts" line="75" assertions="0" />
    </testsuite>
    <testsuite name="Streamable HTTP round-trip (real Bun server)" file="tests\integration\mcp-v2.test.ts" line="93" tests="1" assertions="2" failures="0" skipped="0" time="0.018" hostname="">
      <testcase name="connects, negotiates and calls a tool over HTTP" classname="Streamable HTTP round-trip (real Bun server)" time="0.018724" file="tests\integration\mcp-v2.test.ts" line="94" assertions="2" />
    </testsuite>
    <testsuite name="canonical manager lifecycle over STDIO (v2)" file="tests\integration\mcp-v2.test.ts" line="164" tests="7" assertions="25" failures="0" skipped="0" time="3.606" hostname="">
      <testcase name="connects with auto era negotiation and snapshots capabilities" classname="canonical manager lifecycle over STDIO (v2)" time="0.323126" file="tests\integration\mcp-v2.test.ts" line="165" assertions="6" />
      <testcase name="bridges server tools to AI SDK tools with namespacing; errors throw" classname="canonical manager lifecycle over STDIO (v2)" time="0.289262" file="tests\integration\mcp-v2.test.ts" line="177" assertions="3" />
      <testcase name="routes server elicitation to the pending map and resolves via UI action" classname="canonical manager lifecycle over STDIO (v2)" time="0.399129" file="tests\integration\mcp-v2.test.ts" line="196" assertions="5" />
      <testcase name="pushes roots list-changed on roots-only updates without reconnect" classname="canonical manager lifecycle over STDIO (v2)" time="0.834431" file="tests\integration\mcp-v2.test.ts" line="224" assertions="3" />
      <testcase name="supports two concurrent servers with distinct namespaced tools" classname="canonical manager lifecycle over STDIO (v2)" time="0.562937" file="tests\integration\mcp-v2.test.ts" line="240" assertions="4" />
      <testcase name="records error status for bad commands and survives enable/disable round-trip" classname="canonical manager lifecycle over STDIO (v2)" time="0.756413" file="tests\integration\mcp-v2.test.ts" line="255" assertions="3" />
      <testcase name="tool execution settles (never hangs) when the abort signal is already fired" classname="canonical manager lifecycle over STDIO (v2)" time="0.443576" file="tests\integration\mcp-v2.test.ts" line="292" assertions="1" />
    </testsuite>
    <testsuite name="zod v4 runtime" file="tests\integration\mcp-v2.test.ts" line="315" tests="1" assertions="1" failures="0" skipped="0" time="0" hostname="">
      <testcase name="validates basic schemas" classname="zod v4 runtime" time="0.000476" file="tests\integration\mcp-v2.test.ts" line="316" assertions="1" />
    </testsuite>
    <testsuite name="MCP lifecycle (Phase 4)" file="tests\integration\mcp-v2.test.ts" line="395" tests="10" assertions="37" failures="0" skipped="0" time="56.904" hostname="">
      <testcase name="close/reconnect race: disconnectAll wins, no resurrection timer (connecting → error)" classname="MCP lifecycle (Phase 4)" time="6.414012" file="tests\integration\mcp-v2.test.ts" line="396" assertions="4" />
      <testcase name="error state: disconnectAll covers connecting/error, no reconnect timer fires afterward" classname="MCP lifecycle (Phase 4)" time="6.460099" file="tests\integration\mcp-v2.test.ts" line="424" assertions="6" />
      <testcase name="reconnect cap: a bad server&apos;s reconnect chain is bounded at MAX_RECONNECT_ATTEMPTS" classname="MCP lifecycle (Phase 4)" time="27.146686" file="tests\integration\mcp-v2.test.ts" line="450" assertions="4" />
      <testcase name="repeated disconnect is safe and idempotent" classname="MCP lifecycle (Phase 4)" time="0.296648" file="tests\integration\mcp-v2.test.ts" line="464" assertions="2" />
      <testcase name="disconnectAll operates on connecting/error state, not just connected" classname="MCP lifecycle (Phase 4)" time="0.367988" file="tests\integration\mcp-v2.test.ts" line="477" assertions="4" />
      <testcase name="reconnect attempts are bounded: disconnect clears the timer, no resurrection, manual connect still works" classname="MCP lifecycle (Phase 4)" time="6.701045" file="tests\integration\mcp-v2.test.ts" line="490" assertions="4" />
      <testcase name="pending elicitation settles on connect-replacement (reconnect cancels it)" classname="MCP lifecycle (Phase 4)" time="2.67703" file="tests\integration\mcp-v2.test.ts" line="512" assertions="4" />
      <testcase name="answer→disconnect race settles exactly once (double settlement is harmless)" classname="MCP lifecycle (Phase 4)" time="0.383252" file="tests\integration\mcp-v2.test.ts" line="557" assertions="5" />
      <testcase name="disconnectAll on a mid-connect (connecting state) connection is safe and ends disconnected" classname="MCP lifecycle (Phase 4)" time="0.154354" file="tests\integration\mcp-v2.test.ts" line="596" assertions="2" />
      <testcase name="shutdown (disconnectAll) does not resurrect a connection via reconnect timers" classname="MCP lifecycle (Phase 4)" time="6.30669" file="tests\integration\mcp-v2.test.ts" line="631" assertions="2" />
    </testsuite>
    <testsuite name="disconnectAll (shutdown spine)" file="tests\integration\mcp-v2.test.ts" line="641" tests="2" assertions="7" failures="0" skipped="0" time="3.134" hostname="">
      <testcase name="disconnects every connected server and never throws" classname="disconnectAll (shutdown spine)" time="0.668012" file="tests\integration\mcp-v2.test.ts" line="642" assertions="4" />
      <testcase name="resolves a pending elicitation on disconnect (no unresolved elicitation left)" classname="disconnectAll (shutdown spine)" time="2.466602" file="tests\integration\mcp-v2.test.ts" line="662" assertions="3" />
    </testsuite>
  </testsuite>
  <testsuite name="tests\integration\opencode-binary-missing.test.ts" file="tests\integration\opencode-binary-missing.test.ts" tests="8" assertions="8" failures="0" skipped="0" time="0.001372" hostname="">
    <testsuite name="findOpenCodeBinary — resolves the CLI via PATH (hermetic)" file="tests\integration\opencode-binary-missing.test.ts" line="32" tests="3" assertions="3" failures="0" skipped="0" time="0" hostname="">
      <testcase name="returns the resolved path when the binary is on PATH" classname="findOpenCodeBinary — resolves the CLI via PATH (hermetic)" time="0.000033" file="tests\integration\opencode-binary-missing.test.ts" line="33" assertions="1" />
      <testcase name="returns null when the binary is not installed (edge: absent PATH entry)" classname="findOpenCodeBinary — resolves the CLI via PATH (hermetic)" time="0.000011" file="tests\integration\opencode-binary-missing.test.ts" line="39" assertions="1" />
      <testcase name="queries PATH for the config-owned binary name" classname="findOpenCodeBinary — resolves the CLI via PATH (hermetic)" time="0.000022" file="tests\integration\opencode-binary-missing.test.ts" line="43" assertions="1" />
    </testsuite>
    <testsuite name="OpenCodeBinaryMissingError — stable identity + config-owned message" file="tests\integration\opencode-binary-missing.test.ts" line="55" tests="2" assertions="5" failures="0" skipped="0" time="0" hostname="">
      <testcase name="carries the config&apos;s actionable message" classname="OpenCodeBinaryMissingError — stable identity + config-owned message" time="0.000069" file="tests\integration\opencode-binary-missing.test.ts" line="56" assertions="3" />
      <testcase name="is an instanceof Error so route classification can narrow on it" classname="OpenCodeBinaryMissingError — stable identity + config-owned message" time="0.000024" file="tests\integration\opencode-binary-missing.test.ts" line="64" assertions="2" />
    </testsuite>
    <testsuite name="/api/opencode/* 503 mapping (skipped when the binary is installed)" file="tests\integration\opencode-binary-missing.test.ts" line="87" tests="3" assertions="0" failures="0" skipped="0" time="0" hostname="">
      <testcase name="GET /api/opencode/capabilities → 503 with the actionable message" classname="/api/opencode/* 503 mapping (skipped when the binary is installed)" time="0.000086" file="tests\integration\opencode-binary-missing.test.ts" line="88" assertions="0" />
      <testcase name="POST /api/opencode/session → 503 with the actionable message" classname="/api/opencode/* 503 mapping (skipped when the binary is installed)" time="0.000117" file="tests\integration\opencode-binary-missing.test.ts" line="101" assertions="0" />
      <testcase name="a bad conversationId still 400s before the 503 branch" classname="/api/opencode/* 503 mapping (skipped when the binary is installed)" time="0.000042" file="tests\integration\opencode-binary-missing.test.ts" line="132" assertions="0" />
    </testsuite>
  </testsuite>
  <testsuite name="tests\integration\opencode-readiness-failure.test.ts" file="tests\integration\opencode-readiness-failure.test.ts" tests="2" assertions="6" failures="0" skipped="0" time="0.0066211" hostname="">
    <testsuite name="/api/opencode/* generic readiness failure → classified 500" file="tests\integration\opencode-readiness-failure.test.ts" line="33" tests="2" assertions="6" failures="0" skipped="0" time="0.006" hostname="">
      <testcase name="GET /api/opencode/capabilities → 500 with an error payload" classname="/api/opencode/* generic readiness failure → classified 500" time="0.001101" file="tests\integration\opencode-readiness-failure.test.ts" line="34" assertions="3" />
      <testcase name="POST /api/opencode/session → 500 with an error payload" classname="/api/opencode/* generic readiness failure → classified 500" time="0.005044" file="tests\integration\opencode-readiness-failure.test.ts" line="42" assertions="3" />
    </testsuite>
  </testsuite>
  <testsuite name="tests\integration\outside-grants.test.ts" file="tests\integration\outside-grants.test.ts" tests="8" assertions="32" failures="0" skipped="0" time="0.0345381" hostname="">
    <testsuite name="outside-workspace check/grant" file="tests\integration\outside-grants.test.ts" line="33" tests="5" assertions="18" failures="0" skipped="0" time="0.015" hostname="">
      <testcase name="check reports inside for workspace paths with no side effects" classname="outside-workspace check/grant" time="0.004283" file="tests\integration\outside-grants.test.ts" line="34" assertions="5" />
      <testcase name="check reports outside with the canonical target; grant mints once" classname="outside-workspace check/grant" time="0.006209" file="tests\integration\outside-grants.test.ts" line="48" assertions="8" />
      <testcase name="grant refuses inside targets (no grant needed)" classname="outside-workspace check/grant" time="0.005939" file="tests\integration\outside-grants.test.ts" line="76" assertions="2" />
      <testcase name="unknown conversations fail closed on both endpoints" classname="outside-workspace check/grant" time="0.00078" file="tests\integration\outside-grants.test.ts" line="86" assertions="2" />
      <testcase name="rejects invalid bodies" classname="outside-workspace check/grant" time="0.000333" file="tests\integration\outside-grants.test.ts" line="97" assertions="1" />
    </testsuite>
    <testsuite name="one-shot granted execution" file="tests\integration\outside-grants.test.ts" line="107" tests="3" assertions="14" failures="0" skipped="0" time="0.014" hostname="">
      <testcase name="executes an outside read exactly once and persists nothing" classname="one-shot granted execution" time="0.005912" file="tests\integration\outside-grants.test.ts" line="108" assertions="6" />
      <testcase name="refuses inside targets, destructive tools, and unknown conversations" classname="one-shot granted execution" time="0.003776" file="tests\integration\outside-grants.test.ts" line="137" assertions="4" />
      <testcase name="outside execution failure surfaces as error, never as approval" classname="one-shot granted execution" time="0.006513" file="tests\integration\outside-grants.test.ts" line="165" assertions="4" />
    </testsuite>
  </testsuite>
  <testsuite name="tests\integration\providers-delete.test.ts" file="tests\integration\providers-delete.test.ts" tests="2" assertions="3" failures="0" skipped="0" time="0.0054594" hostname="">
    <testsuite name="provider delete guard" file="tests\integration\providers-delete.test.ts" line="24" tests="2" assertions="3" failures="0" skipped="0" time="0.004" hostname="">
      <testcase name="refuses deletion while conversations reference the provider" classname="provider delete guard" time="0.003803" file="tests\integration\providers-delete.test.ts" line="25" assertions="2" />
      <testcase name="deletes an unused provider" classname="provider delete guard" time="0.001173" file="tests\integration\providers-delete.test.ts" line="45" assertions="1" />
    </testsuite>
  </testsuite>
  <testsuite name="tests\integration\quick-messages.test.ts" file="tests\integration\quick-messages.test.ts" tests="4" assertions="12" failures="0" skipped="0" time="0.0069917" hostname="">
    <testsuite name="quick messages REST" file="tests\integration\quick-messages.test.ts" line="24" tests="4" assertions="12" failures="0" skipped="0" time="0.005" hostname="">
      <testcase name="full CRUD round-trip" classname="quick messages REST" time="0.005135" file="tests\integration\quick-messages.test.ts" line="25" assertions="8" />
      <testcase name="returns 404 for unknown ids" classname="quick messages REST" time="0.000589" file="tests\integration\quick-messages.test.ts" line="61" assertions="2" />
      <testcase name="rejects oversized payloads" classname="quick messages REST" time="0.000541" file="tests\integration\quick-messages.test.ts" line="74" assertions="1" />
      <testcase name="cleanup leaves an empty table" classname="quick messages REST" time="0.000197" file="tests\integration\quick-messages.test.ts" line="83" assertions="1" />
    </testsuite>
  </testsuite>
  <testsuite name="tests\integration\workspace.test.ts" file="tests\integration\workspace.test.ts" tests="9" assertions="28" failures="0" skipped="0" time="0.0461018" hostname="">
    <testsuite name="folders REST API" file="tests\integration\workspace.test.ts" line="29" tests="6" assertions="19" failures="0" skipped="0" time="0.034" hostname="">
      <testcase name="POST /api/folders registers a folder and returns its id" classname="folders REST API" time="0.019433" file="tests\integration\workspace.test.ts" line="32" assertions="4" />
      <testcase name="GET /api/folders lists registered folders" classname="folders REST API" time="0.00333" file="tests\integration\workspace.test.ts" line="46" assertions="3" />
      <testcase name="GET /api/folders/browse lists directories under a path" classname="folders REST API" time="0.00259" file="tests\integration\workspace.test.ts" line="61" assertions="3" />
      <testcase name="folder link CRUD via REST" classname="folders REST API" time="0.00897" file="tests\integration\workspace.test.ts" line="71" assertions="4" />
      <testcase name="folder group CRUD via REST" classname="folders REST API" time="0.002891" file="tests\integration\workspace.test.ts" line="97" assertions="4" />
      <testcase name="rejects invalid input with a 400" classname="folders REST API" time="0.000246" file="tests\integration\workspace.test.ts" line="114" assertions="1" />
    </testsuite>
    <testsuite name="conversation workspace fields" file="tests\integration\workspace.test.ts" line="124" tests="3" assertions="9" failures="0" skipped="0" time="0.006" hostname="">
      <testcase name="POST /api/conversations accepts workspaceMode=project + workspaceFolderId" classname="conversation workspace fields" time="0.002376" file="tests\integration\workspace.test.ts" line="125" assertions="5" />
      <testcase name="PATCH to simple mode clears workspaceFolderId" classname="conversation workspace fields" time="0.002811" file="tests\integration\workspace.test.ts" line="148" assertions="2" />
      <testcase name="defaults to simple mode when omitted" classname="conversation workspace fields" time="0.002353" file="tests\integration\workspace.test.ts" line="175" assertions="2" />
    </testsuite>
  </testsuite>
  <testsuite name="tests\unit\chat-runs.test.ts" file="tests\unit\chat-runs.test.ts" tests="20" assertions="97" failures="0" skipped="0" time="0.2342233" hostname="">
    <testsuite name="chat run registry" file="tests\unit\chat-runs.test.ts" line="4" tests="7" assertions="36" failures="0" skipped="0" time="0.121" hostname="">
      <testcase name="creates running records with unique ids and an own controller" classname="chat run registry" time="0.000942" file="tests\unit\chat-runs.test.ts" line="5" assertions="6" />
      <testcase name="settles terminal states exactly once (concurrent completions race safe)" classname="chat run registry" time="0.000578" file="tests\unit\chat-runs.test.ts" line="17" assertions="5" />
      <testcase name="tracks detach/attach as orthogonal flags" classname="chat run registry" time="0.00039" file="tests\unit\chat-runs.test.ts" line="27" assertions="7" />
      <testcase name="sweeps only old terminal records, never running ones" classname="chat run registry" time="0.000723" file="tests\unit\chat-runs.test.ts" line="40" assertions="4" />
      <testcase name="caps total records oldest-terminal-first" classname="chat run registry" time="0.000839" file="tests\unit\chat-runs.test.ts" line="57" assertions="4" />
      <testcase name="wall clock aborts hung runs and flags timedOut (route owns the transition)" classname="chat run registry" time="0.121213" file="tests\unit\chat-runs.test.ts" line="74" assertions="4" />
      <testcase name="unknown ids are safe no-ops" classname="chat run registry" time="0.000107" file="tests\unit\chat-runs.test.ts" line="90" assertions="6" />
    </testsuite>
    <testsuite name="abortAll (shutdown spine)" file="tests\unit\chat-runs.test.ts" line="101" tests="4" assertions="23" failures="0" skipped="0" time="0" hostname="">
      <testcase name="aborts every running controller, leaves terminal records untouched, status unchanged" classname="abortAll (shutdown spine)" time="0.000655" file="tests\unit\chat-runs.test.ts" line="102" assertions="10" />
      <testcase name="idempotent: calling abortAll repeatedly is safe and never throws" classname="abortAll (shutdown spine)" time="0.000637" file="tests\unit\chat-runs.test.ts" line="126" assertions="7" />
      <testcase name="empty store returns 0 and does not throw" classname="abortAll (shutdown spine)" time="0.000023" file="tests\unit\chat-runs.test.ts" line="149" assertions="2" />
      <testcase name="clears the wall-clock timer so it no longer fires" classname="abortAll (shutdown spine)" time="0.000251" file="tests\unit\chat-runs.test.ts" line="156" assertions="4" />
    </testsuite>
    <testsuite name="abortAll vs completion race (Phase 3)" file="tests\unit\chat-runs.test.ts" line="171" tests="5" assertions="26" failures="0" skipped="0" time="0" hostname="">
      <testcase name="abortAll before completion: run is cancelled, not completed" classname="abortAll vs completion race (Phase 3)" time="0.000208" file="tests\unit\chat-runs.test.ts" line="172" assertions="6" />
      <testcase name="abortAll after completion: terminal completed record is untouched" classname="abortAll vs completion race (Phase 3)" time="0.000175" file="tests\unit\chat-runs.test.ts" line="185" assertions="5" />
      <testcase name="client abort (detach) vs shutdown abort: both safe, settlement consistent" classname="abortAll vs completion race (Phase 3)" time="0.000314" file="tests\unit\chat-runs.test.ts" line="197" assertions="7" />
      <testcase name="repeated abortAll: second call is a no-op on already-aborted controllers" classname="abortAll vs completion race (Phase 3)" time="0.000469" file="tests\unit\chat-runs.test.ts" line="215" assertions="4" />
      <testcase name="abortAll after every run completed: returns 0, no side effects" classname="abortAll vs completion race (Phase 3)" time="0.000318" file="tests\unit\chat-runs.test.ts" line="230" assertions="4" />
    </testsuite>
    <testsuite name="chat run settlement + shutdown gate" file="tests\unit\chat-runs.test.ts" line="244" tests="4" assertions="12" failures="0" skipped="0" time="0.103" hostname="">
      <testcase name="create() after abortAll returns a terminal cancelled record" classname="chat run settlement + shutdown gate" time="0.000324" file="tests\unit\chat-runs.test.ts" line="245" assertions="5" />
      <testcase name="settled resolves on every terminal transition" classname="chat run settlement + shutdown gate" time="0.002068" file="tests\unit\chat-runs.test.ts" line="258" assertions="3" />
      <testcase name="awaitSettled resolves immediately when nothing is running" classname="chat run settlement + shutdown gate" time="0.00068" file="tests\unit\chat-runs.test.ts" line="284" assertions="1" />
      <testcase name="awaitSettled waits for in-flight runs and reports timedOut on bound" classname="chat run settlement + shutdown gate" time="0.101951" file="tests\unit\chat-runs.test.ts" line="292" assertions="3" />
    </testsuite>
  </testsuite>
  <testsuite name="tests\unit\conversation-config.test.ts" file="tests\unit\conversation-config.test.ts" tests="6" assertions="21" failures="0" skipped="0" time="0.0151271" hostname="">
    <testsuite name="conversation config persistence" file="tests\unit\conversation-config.test.ts" line="31" tests="6" assertions="21" failures="0" skipped="0" time="0.012" hostname="">
      <testcase name="create persists explicit modelId + reasoningLevel and round-trips them" classname="conversation config persistence" time="0.004754" file="tests\unit\conversation-config.test.ts" line="32" assertions="4" />
      <testcase name="update patches modelId + reasoningLevel without clobbering other fields" classname="conversation config persistence" time="0.003034" file="tests\unit\conversation-config.test.ts" line="50" assertions="4" />
      <testcase name="create persists the active provider&apos;s default when fields are omitted (route resolution)" classname="conversation config persistence" time="0.005866" file="tests\unit\conversation-config.test.ts" line="72" assertions="6" />
      <testcase name="conversationCreateSchema accepts the per-conversation config fields" classname="conversation config persistence" time="0.000107" file="tests\unit\conversation-config.test.ts" line="110" assertions="2" />
      <testcase name="conversationUpdateSchema accepts providerId/modelId/reasoningLevel" classname="conversation config persistence" time="0.000047" file="tests\unit\conversation-config.test.ts" line="121" assertions="3" />
      <testcase name="chatRequestSchema uses reasoningLevel (not thinkingLevel)" classname="conversation config persistence" time="0.000057" file="tests\unit\conversation-config.test.ts" line="132" assertions="2" />
    </testsuite>
  </testsuite>
  <testsuite name="tests\unit\conversation-engine-storage.test.ts" file="tests\unit\conversation-engine-storage.test.ts" tests="5" assertions="23" failures="0" skipped="0" time="0.0151713" hostname="">
    <testsuite name="conversation storage — engine / opencodeAgent / opencodeModel mapping" file="tests\unit\conversation-engine-storage.test.ts" line="34" tests="5" assertions="23" failures="0" skipped="0" time="0.012" hostname="">
      <testcase name="create persists explicit engine + opencodeAgent + opencodeModel (happy path)" classname="conversation storage — engine / opencodeAgent / opencodeModel mapping" time="0.004456" file="tests\unit\conversation-engine-storage.test.ts" line="39" assertions="6" />
      <testcase name="create without engine fields defaults engine to &apos;direct&apos; with null agent/model (happy path)" classname="conversation storage — engine / opencodeAgent / opencodeModel mapping" time="0.002893" file="tests\unit\conversation-engine-storage.test.ts" line="63" assertions="3" />
      <testcase name="legacy row with NULL engine maps to &apos;direct&apos;, NULL agent/model map to null (edge case)" classname="conversation storage — engine / opencodeAgent / opencodeModel mapping" time="0.00123" file="tests\unit\conversation-engine-storage.test.ts" line="77" assertions="4" />
      <testcase name="update patches engine / opencodeAgent / opencodeModel and persists (happy path)" classname="conversation storage — engine / opencodeAgent / opencodeModel mapping" time="0.003011" file="tests\unit\conversation-engine-storage.test.ts" line="88" assertions="7" />
      <testcase name="update clears opencode fields to null without touching engine (edge case: partial patch)" classname="conversation storage — engine / opencodeAgent / opencodeModel mapping" time="0.002896" file="tests\unit\conversation-engine-storage.test.ts" line="115" assertions="3" />
    </testsuite>
  </testsuite>
  <testsuite name="tests\unit\conversation-engine-validation.test.ts" file="tests\unit\conversation-engine-validation.test.ts" tests="7" assertions="22" failures="0" skipped="0" time="0.0012383" hostname="">
    <testsuite name="conversationCreateSchema — engine / opencodeAgent / opencodeModel" file="tests\unit\conversation-engine-validation.test.ts" line="13" tests="4" assertions="15" failures="0" skipped="0" time="0" hostname="">
      <testcase name="accepts valid engine values, agent and model strings (happy path)" classname="conversationCreateSchema — engine / opencodeAgent / opencodeModel" time="0.000109" file="tests\unit\conversation-engine-validation.test.ts" line="14" assertions="3" />
      <testcase name="accepts omitted engine/agent/model and the explicit null sentinel" classname="conversationCreateSchema — engine / opencodeAgent / opencodeModel" time="0.000072" file="tests\unit\conversation-engine-validation.test.ts" line="25" assertions="6" />
      <testcase name="rejects an invalid engine enum value (edge case)" classname="conversationCreateSchema — engine / opencodeAgent / opencodeModel" time="0.000108" file="tests\unit\conversation-engine-validation.test.ts" line="41" assertions="2" />
      <testcase name="rejects overlong opencodeAgent / opencodeModel (edge case: &gt; 200 chars)" classname="conversationCreateSchema — engine / opencodeAgent / opencodeModel" time="0.000293" file="tests\unit\conversation-engine-validation.test.ts" line="49" assertions="4" />
    </testsuite>
    <testsuite name="conversationUpdateSchema — engine / opencodeAgent / opencodeModel" file="tests\unit\conversation-engine-validation.test.ts" line="61" tests="3" assertions="7" failures="0" skipped="0" time="0" hostname="">
      <testcase name="accepts a partial update carrying the new fields (happy path)" classname="conversationUpdateSchema — engine / opencodeAgent / opencodeModel" time="0.000065" file="tests\unit\conversation-engine-validation.test.ts" line="62" assertions="3" />
      <testcase name="rejects an invalid engine enum value on update (edge case)" classname="conversationUpdateSchema — engine / opencodeAgent / opencodeModel" time="0.000033" file="tests\unit\conversation-engine-validation.test.ts" line="73" assertions="1" />
      <testcase name="rejects overlong agent/model and allows the 200-char boundary" classname="conversationUpdateSchema — engine / opencodeAgent / opencodeModel" time="0.00007" file="tests\unit\conversation-engine-validation.test.ts" line="78" assertions="3" />
    </testsuite>
  </testsuite>
  <testsuite name="tests\unit\conversation-status-migration.test.ts" file="tests\unit\conversation-status-migration.test.ts" tests="2" assertions="19" failures="0" skipped="0" time="0.2477349" hostname="">
    <testsuite name="conversations binary status migration" file="tests\unit\conversation-status-migration.test.ts" line="105" tests="2" assertions="19" failures="0" skipped="0" time="0.245" hostname="">
      <testcase name="legacy binary CHECK: values preserved, creation succeeds" classname="conversations binary status migration" time="0.129575" file="tests\unit\conversation-status-migration.test.ts" line="106" assertions="9" />
      <testcase name="interim 4-status CHECK: rebuilt to binary, values mapped, creation succeeds" classname="conversations binary status migration" time="0.116681" file="tests\unit\conversation-status-migration.test.ts" line="128" assertions="10" />
    </testsuite>
  </testsuite>
  <testsuite name="tests\unit\db.test.ts" file="tests\unit\db.test.ts" tests="6" assertions="11" failures="0" skipped="0" time="5.4784345" hostname="">
    <testsuite name="db open + busy_timeout + WAL (Phase 5)" file="tests\unit\db.test.ts" line="42" tests="6" assertions="11" failures="0" skipped="0" time="5.477" hostname="">
      <testcase name="the module DB is open and normal read/write works" classname="db open + busy_timeout + WAL (Phase 5)" time="0.001361" file="tests\unit\db.test.ts" line="43" assertions="2" />
      <testcase name="busy_timeout reads back as a positive value on the module connection" classname="db open + busy_timeout + WAL (Phase 5)" time="0.00009" file="tests\unit\db.test.ts" line="60" assertions="2" />
      <testcase name="WAL journal mode is in effect on the module connection" classname="db open + busy_timeout + WAL (Phase 5)" time="0.000034" file="tests\unit\db.test.ts" line="67" assertions="1" />
      <testcase name="a held write lock on the shared file makes the module wait the bound, not fail instantly" classname="db open + busy_timeout + WAL (Phase 5)" time="5.475049" file="tests\unit\db.test.ts" line="72" assertions="2" />
      <testcase name="a WAL reader on the shared file proceeds while a writer holds the lock" classname="db open + busy_timeout + WAL (Phase 5)" time="0.001274" file="tests\unit\db.test.ts" line="101" assertions="1" />
      <testcase name="hermetic guard: the module DB is the isolated tmp file, not the developer DB" classname="db open + busy_timeout + WAL (Phase 5)" time="0.000091" file="tests\unit\db.test.ts" line="122" assertions="3" />
    </testsuite>
  </testsuite>
  <testsuite name="tests\unit\denial-label.test.ts" file="tests\unit\denial-label.test.ts" tests="4" assertions="11" failures="0" skipped="0" time="0.322987" hostname="">
    <testsuite name="denialOf" file="tests\unit\denial-label.test.ts" line="7" tests="4" assertions="11" failures="0" skipped="0" time="0" hostname="">
      <testcase name="treats approved:false as denial regardless of text" classname="denialOf" time="0.000086" file="tests\unit\denial-label.test.ts" line="8" assertions="2" />
      <testcase name="treats post-approval execution failures as NOT denial" classname="denialOf" time="0.000048" file="tests\unit\denial-label.test.ts" line="15" assertions="3" />
      <testcase name="keeps genuine denies reloaded without a marker as denial" classname="denialOf" time="0.000019" file="tests\unit\denial-label.test.ts" line="28" assertions="2" />
      <testcase name="returns null for non-error results" classname="denialOf" time="0.000025" file="tests\unit\denial-label.test.ts" line="37" assertions="4" />
    </testsuite>
  </testsuite>
  <testsuite name="tests\unit\errors.test.ts" file="tests\unit\errors.test.ts" tests="9" assertions="47" failures="0" skipped="0" time="0.0011455" hostname="">
    <testsuite name="classifyError" file="tests\unit\errors.test.ts" line="11" tests="7" assertions="35" failures="0" skipped="0" time="0" hostname="">
      <testcase name="maps auth failures (non-retryable)" classname="classifyError" time="0.000109" file="tests\unit\errors.test.ts" line="12" assertions="7" />
      <testcase name="maps rate limits (retryable)" classname="classifyError" time="0.000037" file="tests\unit\errors.test.ts" line="25" assertions="3" />
      <testcase name="maps network and timeout (retryable)" classname="classifyError" time="0.000029" file="tests\unit\errors.test.ts" line="32" assertions="3" />
      <testcase name="marks aborts cancelled (conservative) while the scheduler still retries them" classname="classifyError" time="0.000059" file="tests\unit\errors.test.ts" line="38" assertions="3" />
      <testcase name="maps config failures (non-retryable)" classname="classifyError" time="0.000094" file="tests\unit\errors.test.ts" line="46" assertions="9" />
      <testcase name="maps tool failures and 5xx" classname="classifyError" time="0.000088" file="tests\unit\errors.test.ts" line="59" assertions="6" />
      <testcase name="defaults unknown errors to non-retryable with the message preserved" classname="classifyError" time="0.000029" file="tests\unit\errors.test.ts" line="70" assertions="4" />
    </testsuite>
    <testsuite name="sanitizeStreamError consumes classification" file="tests\unit\errors.test.ts" line="79" tests="1" assertions="6" failures="0" skipped="0" time="0" hostname="">
      <testcase name="renders stable copy per category" classname="sanitizeStreamError consumes classification" time="0.000195" file="tests\unit\errors.test.ts" line="80" assertions="6" />
    </testsuite>
    <testsuite name="isRetryableError delegates to classification" file="tests\unit\errors.test.ts" line="90" tests="1" assertions="6" failures="0" skipped="0" time="0" hostname="">
      <testcase name="matches legacy outcomes" classname="isRetryableError delegates to classification" time="0.00006" file="tests\unit\errors.test.ts" line="91" assertions="6" />
    </testsuite>
  </testsuite>
  <testsuite name="tests\unit\foundation.test.ts" file="tests\unit\foundation.test.ts" tests="11" assertions="22" failures="0" skipped="0" time="0.0110961" hostname="">
    <testsuite name="unified tab store" file="tests\unit\foundation.test.ts" line="25" tests="7" assertions="14" failures="0" skipped="0" time="0.004" hostname="">
      <testcase name="opens a chat tab and makes it active" classname="unified tab store" time="0.001514" file="tests\unit\foundation.test.ts" line="28" assertions="2" />
      <testcase name="does not duplicate an already-open chat tab" classname="unified tab store" time="0.000122" file="tests\unit\foundation.test.ts" line="35" assertions="2" />
      <testcase name="supports the unsent draft tab and attaches the real id" classname="unified tab store" time="0.000183" file="tests\unit\foundation.test.ts" line="47" assertions="3" />
      <testcase name="closing the active tab falls back to the neighbor" classname="unified tab store" time="0.000212" file="tests\unit\foundation.test.ts" line="57" assertions="2" />
      <testcase name="closing the last tab opens a fresh draft (never zero tabs)" classname="unified tab store" time="0.003731" file="tests\unit\foundation.test.ts" line="68" assertions="2" />
      <testcase name="closing a background tab keeps the active tab" classname="unified tab store" time="0.000948" file="tests\unit\foundation.test.ts" line="78" assertions="2" />
      <testcase name="activeTab resolves the active tab object" classname="unified tab store" time="0.000351" file="tests\unit\foundation.test.ts" line="89" assertions="1" />
    </testsuite>
    <testsuite name="tab keys and urls" file="tests\unit\foundation.test.ts" line="99" tests="2" assertions="6" failures="0" skipped="0" time="0" hostname="">
      <testcase name="maps tabs to routes" classname="tab keys and urls" time="0.00007" file="tests\unit\foundation.test.ts" line="100" assertions="3" />
      <testcase name="nextActiveAfterClose prefers the right neighbor" classname="tab keys and urls" time="0.000079" file="tests\unit\foundation.test.ts" line="110" assertions="3" />
    </testsuite>
    <testsuite name="settings nav source of truth" file="tests\unit\foundation.test.ts" line="127" tests="1" assertions="1" failures="0" skipped="0" time="0" hostname="">
      <testcase name="lists every settings section exactly once, in order" classname="settings nav source of truth" time="0.00011" file="tests\unit\foundation.test.ts" line="128" assertions="1" />
    </testsuite>
    <testsuite name="rail nav (single-gear rule)" file="tests\unit\foundation.test.ts" line="147" tests="1" assertions="1" failures="0" skipped="0" time="0" hostname="">
      <testcase name="shows chat, scheduler, and one settings gear — never area icons" classname="rail nav (single-gear rule)" time="0.000083" file="tests\unit\foundation.test.ts" line="148" assertions="1" />
    </testsuite>
  </testsuite>
  <testsuite name="tests\unit\grants.test.ts" file="tests\unit\grants.test.ts" tests="6" assertions="15" failures="0" skipped="0" time="0.0153005" hostname="">
    <testsuite name="grant store" file="tests\unit\grants.test.ts" line="16" tests="4" assertions="9" failures="0" skipped="0" time="0.007" hostname="">
      <testcase name="mints and consumes exactly once" classname="grant store" time="0.002523" file="tests\unit\grants.test.ts" line="17" assertions="3" />
      <testcase name="rejects wrong tool, conversation, or target" classname="grant store" time="0.001263" file="tests\unit\grants.test.ts" line="24" assertions="4" />
      <testcase name="expires grants past TTL" classname="grant store" time="0.002741" file="tests\unit\grants.test.ts" line="33" assertions="1" />
      <testcase name="counts live grants" classname="grant store" time="0.002069" file="tests\unit\grants.test.ts" line="38" assertions="1" />
    </testsuite>
    <testsuite name="resolveSafe with grants" file="tests\unit\grants.test.ts" line="46" tests="2" assertions="6" failures="0" skipped="0" time="0.004" hostname="">
      <testcase name="admits an outside path once with a matching grant, then fails closed" classname="resolveSafe with grants" time="0.003799" file="tests\unit\grants.test.ts" line="47" assertions="5" />
      <testcase name="ignores grants for a different conversation" classname="resolveSafe with grants" time="0.001335" file="tests\unit\grants.test.ts" line="76" assertions="1" />
    </testsuite>
  </testsuite>
  <testsuite name="tests\unit\log-settings.test.ts" file="tests\unit\log-settings.test.ts" tests="11" assertions="34" failures="0" skipped="0" time="0.0058204" hostname="">
    <testsuite name="scope capture levels" file="tests\unit\log-settings.test.ts" line="25" tests="5" assertions="14" failures="0" skipped="0" time="0" hostname="">
      <testcase name="uses the global level with no overrides" classname="scope capture levels" time="0.000185" file="tests\unit\log-settings.test.ts" line="37" assertions="3" />
      <testcase name="matches a scope and everything below it, longest wins" classname="scope capture levels" time="0.000075" file="tests\unit\log-settings.test.ts" line="44" assertions="5" />
      <testcase name="off silences globally and per scope" classname="scope capture levels" time="0.000048" file="tests\unit\log-settings.test.ts" line="57" assertions="3" />
      <testcase name="write() drops entries below the effective level" classname="scope capture levels" time="0.000396" file="tests\unit\log-settings.test.ts" line="65" assertions="2" />
      <testcase name="targets getter returns a copy" classname="scope capture levels" time="0.000063" file="tests\unit\log-settings.test.ts" line="75" assertions="1" />
    </testsuite>
    <testsuite name="log settings validation" file="tests\unit\log-settings.test.ts" line="83" tests="4" assertions="16" failures="0" skipped="0" time="0" hostname="">
      <testcase name="accepts a full payload and defaults targets" classname="log settings validation" time="0.000105" file="tests\unit\log-settings.test.ts" line="84" assertions="2" />
      <testcase name="rejects bad scopes and levels" classname="log settings validation" time="0.000308" file="tests\unit\log-settings.test.ts" line="90" assertions="4" />
      <testcase name="coerces recent-query params and caps limit" classname="log settings validation" time="0.000222" file="tests\unit\log-settings.test.ts" line="106" assertions="5" />
      <testcase name="locks log file names to the rotated sink" classname="log settings validation" time="0.000105" file="tests\unit\log-settings.test.ts" line="117" assertions="5" />
    </testsuite>
    <testsuite name="log settings persistence" file="tests\unit\log-settings.test.ts" line="126" tests="2" assertions="4" failures="0" skipped="0" time="0.003" hostname="">
      <testcase name="round-trips through app_settings" classname="log settings persistence" time="0.00238" file="tests\unit\log-settings.test.ts" line="140" assertions="1" />
      <testcase name="applies stored settings at boot unless env owns the level" classname="log settings persistence" time="0.001366" file="tests\unit\log-settings.test.ts" line="148" assertions="3" />
    </testsuite>
  </testsuite>
  <testsuite name="tests\unit\logger-sink.test.ts" file="tests\unit\logger-sink.test.ts" tests="10" assertions="28" failures="0" skipped="0" time="0.0392863" hostname="">
    <testsuite name="async batched file writer" file="tests\unit\logger-sink.test.ts" line="46" tests="3" assertions="8" failures="0" skipped="0" time="0.015" hostname="">
      <testcase name="batches lines and preserves order" classname="async batched file writer" time="0.013477" file="tests\unit\logger-sink.test.ts" line="47" assertions="5" />
      <testcase name="counts queued lines dropped when the sink is off" classname="async batched file writer" time="0.000952" file="tests\unit\logger-sink.test.ts" line="67" assertions="2" />
      <testcase name="rotates on size without per-entry stats" classname="async batched file writer" time="0.00222" file="tests\unit\logger-sink.test.ts" line="78" assertions="1" />
    </testsuite>
    <testsuite name="retention pruning" file="tests\unit\logger-sink.test.ts" line="92" tests="3" assertions="9" failures="0" skipped="0" time="0.009" hostname="">
      <testcase name="drops rotated generations older than retention, never the live base" classname="retention pruning" time="0.005598" file="tests\unit\logger-sink.test.ts" line="93" assertions="4" />
      <testcase name="caps total bytes oldest-first" classname="retention pruning" time="0.002294" file="tests\unit\logger-sink.test.ts" line="105" assertions="2" />
      <testcase name="lists generations base-first and ignores foreign files" classname="retention pruning" time="0.00214" file="tests\unit\logger-sink.test.ts" line="116" assertions="3" />
    </testsuite>
    <testsuite name="scope throttling" file="tests\unit\logger-sink.test.ts" line="128" tests="2" assertions="7" failures="0" skipped="0" time="0.009" hostname="">
      <testcase name="sheds sustained info above budget with an engage marker" classname="scope throttling" time="0.004275" file="tests\unit\logger-sink.test.ts" line="133" assertions="5" />
      <testcase name="never throttles warn/error or the http audit scope" classname="scope throttling" time="0.005195" file="tests\unit\logger-sink.test.ts" line="150" assertions="2" />
    </testsuite>
    <testsuite name="shouldSample" file="tests\unit\logger-sink.test.ts" line="160" tests="2" assertions="4" failures="0" skipped="0" time="0.001" hostname="">
      <testcase name="passes first then every Nth (deterministic 1-in-N)" classname="shouldSample" time="0.001424" file="tests\unit\logger-sink.test.ts" line="161" assertions="1" />
      <testcase name="passes everything at ratio &lt;= 1 and namespaces keys" classname="shouldSample" time="0.000618" file="tests\unit\logger-sink.test.ts" line="166" assertions="3" />
    </testsuite>
  </testsuite>
  <testsuite name="tests\unit\logger.test.ts" file="tests\unit\logger.test.ts" tests="14" assertions="44" failures="0" skipped="0" time="0.0345095" hostname="">
    <testsuite name="levels + fields" file="tests\unit\logger.test.ts" line="29" tests="2" assertions="6" failures="0" skipped="0" time="0" hostname="">
      <testcase name="resolves dev/prod defaults and env overrides" classname="levels + fields" time="0.000111" file="tests\unit\logger.test.ts" line="30" assertions="4" />
      <testcase name="generates unique request ids" classname="levels + fields" time="0.000405" file="tests\unit\logger.test.ts" line="38" assertions="2" />
    </testsuite>
    <testsuite name="request correlation + isolation" file="tests\unit\logger.test.ts" line="46" tests="1" assertions="2" failures="0" skipped="0" time="0.021" hostname="">
      <testcase name="propagates context and isolates concurrent chains (C, D, E)" classname="request correlation + isolation" time="0.021566" file="tests\unit\logger.test.ts" line="47" assertions="2" />
    </testsuite>
    <testsuite name="error normalization (F)" file="tests\unit\logger.test.ts" line="66" tests="2" assertions="9" failures="0" skipped="0" time="0" hostname="">
      <testcase name="extracts type/message/status/code, dev-only stacks" classname="error normalization (F)" time="0.00016" file="tests\unit\logger.test.ts" line="67" assertions="6" />
      <testcase name="handles non-Error values without throwing" classname="error normalization (F)" time="0.00004" file="tests\unit\logger.test.ts" line="81" assertions="3" />
    </testsuite>
    <testsuite name="redaction (G, H, I + negatives)" file="tests\unit\logger.test.ts" line="88" tests="4" assertions="7" failures="0" skipped="0" time="0" hostname="">
      <testcase name="redacts secret keys structurally" classname="redaction (G, H, I + negatives)" time="0.000048" file="tests\unit\logger.test.ts" line="89" assertions="3" />
      <testcase name="redacts Authorization headers and bearer tokens" classname="redaction (G, H, I + negatives)" time="0.000021" file="tests\unit\logger.test.ts" line="100" assertions="1" />
      <testcase name="never leaks the credential DEK material" classname="redaction (G, H, I + negatives)" time="0.000021" file="tests\unit\logger.test.ts" line="108" assertions="2" />
      <testcase name="redacts credential-shaped values inside free text" classname="redaction (G, H, I + negatives)" time="0.000032" file="tests\unit\logger.test.ts" line="116" assertions="1" />
    </testsuite>
    <testsuite name="sanitized AI diagnostics (J + negatives)" file="tests\unit\logger.test.ts" line="122" tests="4" assertions="16" failures="0" skipped="0" time="0" hostname="">
      <testcase name="keeps structure, drops user text and secrets" classname="sanitized AI diagnostics (J + negatives)" time="0.000416" file="tests\unit\logger.test.ts" line="143" assertions="9" />
      <testcase name="marks thought-signature presence without the value" classname="sanitized AI diagnostics (J + negatives)" time="0.000032" file="tests\unit\logger.test.ts" line="158" assertions="2" />
      <testcase name="keeps approval ids/decisions for call matching" classname="sanitized AI diagnostics (J + negatives)" time="0.000024" file="tests\unit\logger.test.ts" line="165" assertions="2" />
      <testcase name="debug diagnostics are off by default" classname="sanitized AI diagnostics (J + negatives)" time="0.000016" file="tests\unit\logger.test.ts" line="187" assertions="3" />
    </testsuite>
    <testsuite name="file rotation (L)" file="tests\unit\logger.test.ts" line="194" tests="1" assertions="4" failures="0" skipped="0" time="0.01" hostname="">
      <testcase name="rotates bounded generations instead of growing forever" classname="file rotation (L)" time="0.010804" file="tests\unit\logger.test.ts" line="195" assertions="4" />
    </testsuite>
  </testsuite>
  <testsuite name="tests\unit\mcp-elicitation.test.ts" file="tests\unit\mcp-elicitation.test.ts" tests="3" assertions="14" failures="0" skipped="0" time="5.194671" hostname="">
    <testsuite name="MCP elicitation settlement (Phase 4)" file="tests\unit\mcp-elicitation.test.ts" line="73" tests="3" assertions="14" failures="0" skipped="0" time="5.19" hostname="">
      <testcase name="pending → disconnect settles as cancelled (no hang, slot cleared)" classname="MCP elicitation settlement (Phase 4)" time="2.417044" file="tests\unit\mcp-elicitation.test.ts" line="74" assertions="5" />
      <testcase name="already answered → disconnect is harmless (slot already cleared)" classname="MCP elicitation settlement (Phase 4)" time="0.397283" file="tests\unit\mcp-elicitation.test.ts" line="107" assertions="5" />
      <testcase name="repeated cancel (disconnect twice) is safe — no duplicate settlement" classname="MCP elicitation settlement (Phase 4)" time="2.376291" file="tests\unit\mcp-elicitation.test.ts" line="132" assertions="4" />
    </testsuite>
  </testsuite>
  <testsuite name="tests\unit\mcp-manager.test.ts" file="tests\unit\mcp-manager.test.ts" tests="4" assertions="18" failures="0" skipped="0" time="80.997238" hostname="">
    <testsuite name="MCP reconnect bookkeeping (unit, no real server)" file="tests\unit\mcp-manager.test.ts" line="82" tests="4" assertions="18" failures="0" skipped="0" time="80.99" hostname="">
      <testcase name="caps at MAX_RECONNECT_ATTEMPTS: no reconnect timer after 5 failures (bounded observation)" classname="MCP reconnect bookkeeping (unit, no real server)" time="32.203355" file="tests\unit\mcp-manager.test.ts" line="83" assertions="6" />
      <testcase name="disabling the server clears the pending reconnect timer (enabled gating)" classname="MCP reconnect bookkeeping (unit, no real server)" time="12.314141" file="tests\unit\mcp-manager.test.ts" line="119" assertions="5" />
      <testcase name="repeated disconnect never re-enters reconnect bookkeeping" classname="MCP reconnect bookkeeping (unit, no real server)" time="6.138391" file="tests\unit\mcp-manager.test.ts" line="145" assertions="4" />
      <testcase name="repeated manual connect stays bounded at the cap (no oscillation past 5 attempts)" classname="MCP reconnect bookkeeping (unit, no real server)" time="30.335993" file="tests\unit\mcp-manager.test.ts" line="163" assertions="3" />
    </testsuite>
  </testsuite>
  <testsuite name="tests\unit\prune-messages.test.ts" file="tests\unit\prune-messages.test.ts" tests="15" assertions="29" failures="0" skipped="0" time="0.0084918" hostname="">
    <testsuite name="approval lifecycle retention (the regression)" file="tests\unit\prune-messages.test.ts" line="40" tests="5" assertions="11" failures="0" skipped="0" time="0.001" hostname="">
[...]
    </testsuite>
  </testsuite>
  <testsuite name="web\src\components\assistant-ui\elements\markdown-text.test.ts" file="web\src\components\assistant-ui\elements\markdown-text.test.ts" tests="4" assertions="5" failures="0" skipped="0" time="0.0018628" hostname="">
    <testsuite name="reply Markdown renderer" file="web\src\components\assistant-ui\elements\markdown-text.test.ts" line="28" tests="4" assertions="5" failures="0" skipped="0" time="0" hostname="">
      <testcase name="renders the markdown primitive" classname="reply Markdown renderer" time="0.000086" file="web\src\components\assistant-ui\elements\markdown-text.test.ts" line="29" assertions="1" />
      <testcase name="disables client-side text smoothing" classname="reply Markdown renderer" time="0.00005" file="web\src\components\assistant-ui\elements\markdown-text.test.ts" line="33" assertions="1" />
      <testcase name="retains defer" classname="reply Markdown renderer" time="0.000029" file="web\src\components\assistant-ui\elements\markdown-text.test.ts" line="38" assertions="1" />
      <testcase name="keeps GFM and the component overrides intact" classname="reply Markdown renderer" time="0.000016" file="web\src\components\assistant-ui\elements\markdown-text.test.ts" line="43" assertions="2" />
    </testsuite>
  </testsuite>
  <testsuite name="web\src\components\assistant-ui\elements\terminal-block.test.ts" file="web\src\components\assistant-ui\elements\terminal-block.test.ts" tests="4" assertions="8" failures="0" skipped="0" time="0.0016804" hostname="">
    <testsuite name="TerminalBlock status" file="web\src\components\assistant-ui\elements\terminal-block.test.ts" line="30" tests="4" assertions="8" failures="0" skipped="0" time="0" hostname="">
      <testcase name="shows the success badge when status is omitted" classname="TerminalBlock status" time="0.000575" file="web\src\components\assistant-ui\elements\terminal-block.test.ts" line="31" assertions="2" />
      <testcase name="shows the failure badge when status is &apos;error&apos;" classname="TerminalBlock status" time="0.00022" file="web\src\components\assistant-ui\elements\terminal-block.test.ts" line="37" assertions="2" />
      <testcase name="does not fall through to the global window.status" classname="TerminalBlock status" time="0.00019" file="web\src\components\assistant-ui\elements\terminal-block.test.ts" line="43" assertions="2" />
      <testcase name="keeps the badge hidden while the command is still running" classname="TerminalBlock status" time="0.000196" file="web\src\components\assistant-ui\elements\terminal-block.test.ts" line="57" assertions="2" />
    </testsuite>
  </testsuite>
  <testsuite name="web\src\components\assistant-ui\elements\tool-fallback.test.ts" file="web\src\components\assistant-ui\elements\tool-fallback.test.ts" tests="3" assertions="8" failures="0" skipped="0" time="0.0008274" hostname="">
    <testsuite name="approval surface — dead requests" file="web\src\components\assistant-ui\elements\tool-fallback.test.ts" line="40" tests="3" assertions="8" failures="0" skipped="0" time="0" hostname="">
      <testcase name="bails out before rendering any approval control" classname="approval surface — dead requests" time="0.000042" file="web\src\components\assistant-ui\elements\tool-fallback.test.ts" line="41" assertions="3" />
      <testcase name="retires a card whose reply proves the request is gone" classname="approval surface — dead requests" time="0.000015" file="web\src\components\assistant-ui\elements\tool-fallback.test.ts" line="52" assertions="3" />
      <testcase name="keeps a transient failure retryable" classname="approval surface — dead requests" time="0.000013" file="web\src\components\assistant-ui\elements\tool-fallback.test.ts" line="64" assertions="2" />
    </testsuite>
  </testsuite>
  <testsuite name="web\src\features\chat\state\chatTabs.conversation-id.test.ts" file="web\src\features\chat\state\chatTabs.conversation-id.test.ts" tests="10" assertions="23" failures="0" skipped="0" time="0.0004753" hostname="">
    <testsuite name="conversationIdFromPath — /chat/ and /code/ prefixes (happy path)" file="web\src\features\chat\state\chatTabs.conversation-id.test.ts" line="23" tests="5" assertions="9" failures="0" skipped="0" time="0" hostname="">
      <testcase name="returns the id for a /chat/&lt;id&gt; path" classname="conversationIdFromPath — /chat/ and /code/ prefixes (happy path)" time="0.000029" file="web\src\features\chat\state\chatTabs.conversation-id.test.ts" line="24" assertions="1" />
      <testcase name="returns the id for a /code/&lt;id&gt; path (the OpenCode surface)" classname="conversationIdFromPath — /chat/ and /code/ prefixes (happy path)" time="0.000009" file="web\src\features\chat\state\chatTabs.conversation-id.test.ts" line="28" assertions="1" />
      <testcase name="returns the same id for both surfaces (engine-agnostic)" classname="conversationIdFromPath — /chat/ and /code/ prefixes (happy path)" time="0.000015" file="web\src\features\chat\state\chatTabs.conversation-id.test.ts" line="32" assertions="2" />
      <testcase name="is the inverse of threadUrl for both engines" classname="conversationIdFromPath — /chat/ and /code/ prefixes (happy path)" time="0.000028" file="web\src\features\chat\state\chatTabs.conversation-id.test.ts" line="39" assertions="3" />
      <testcase name="handles a longer, realistic conversation id" classname="conversationIdFromPath — /chat/ and /code/ prefixes (happy path)" time="0.00001" file="web\src\features\chat\state\chatTabs.conversation-id.test.ts" line="47" assertions="2" />
    </testsuite>
    <testsuite name="conversationIdFromPath — non-conversation paths (edge cases)" file="web\src\features\chat\state\chatTabs.conversation-id.test.ts" line="54" tests="5" assertions="14" failures="0" skipped="0" time="0" hostname="">
      <testcase name="returns null for the draft host /chat/new (no real conversation id)" classname="conversationIdFromPath — non-conversation paths (edge cases)" time="0.000009" file="web\src\features\chat\state\chatTabs.conversation-id.test.ts" line="55" assertions="2" />
      <testcase name="returns null for an empty id immediately after the prefix" classname="conversationIdFromPath — non-conversation paths (edge cases)" time="0.000009" file="web\src\features\chat\state\chatTabs.conversation-id.test.ts" line="64" assertions="2" />
      <testcase name="returns null for non-conversation routes (settings, root, unknown)" classname="conversationIdFromPath — non-conversation paths (edge cases)" time="0.000019" file="web\src\features\chat\state\chatTabs.conversation-id.test.ts" line="70" assertions="6" />
      <testcase name="returns null for unrelated leading paths even if they contain /chat/" classname="conversationIdFromPath — non-conversation paths (edge cases)" time="0.000009" file="web\src\features\chat\state\chatTabs.conversation-id.test.ts" line="79" assertions="2" />
      <testcase name="trailing segments after the id are preserved in the returned id" classname="conversationIdFromPath — non-conversation paths (edge cases)" time="0.000008" file="web\src\features\chat\state\chatTabs.conversation-id.test.ts" line="86" assertions="2" />
    </testsuite>
  </testsuite>
  <testsuite name="web\src\features\chat\state\chatTabs.poison.test.ts" file="web\src\features\chat\state\chatTabs.poison.test.ts" tests="12" assertions="26" failures="0" skipped="0" time="0.0007466" hostname="">
    <testsuite name="agent tabs — factory shape (poison regression)" file="web\src\features\chat\state\chatTabs.poison.test.ts" line="41" tests="5" assertions="7" failures="0" skipped="0" time="0" hostname="">
      <testcase name="openAgent creates a kind:agent tab with the bare conversation id" classname="agent tabs — factory shape (poison regression)" time="0.000124" file="web\src\features\chat\state\chatTabs.poison.test.ts" line="51" assertions="2" />
      <testcase name="activating an agent key materializes the same clean shape" classname="agent tabs — factory shape (poison regression)" time="0.000038" file="web\src\features\chat\state\chatTabs.poison.test.ts" line="62" assertions="1" />
      <testcase name="openChat still creates clean chat tabs (no regression)" classname="agent tabs — factory shape (poison regression)" time="0.000023" file="web\src\features\chat\state\chatTabs.poison.test.ts" line="68" assertions="1" />
      <testcase name="agent tabs route to /code/&lt;id&gt;, never /chat/:&lt;id&gt;" classname="agent tabs — factory shape (poison regression)" time="0.000022" file="web\src\features\chat\state\chatTabs.poison.test.ts" line="77" assertions="2" />
      <testcase name="no tab ref ever starts with a colon across open/switch/close flows" classname="agent tabs — factory shape (poison regression)" time="0.00006" file="web\src\features\chat\state\chatTabs.poison.test.ts" line="84" assertions="1" />
    </testsuite>
    <testsuite name="threadUrl — engine-aware thread opening" file="web\src\features\chat\state\chatTabs.poison.test.ts" line="96" tests="3" assertions="9" failures="0" skipped="0" time="0" hostname="">
      <testcase name="routes opencode conversations to the Code surface" classname="threadUrl — engine-aware thread opening" time="0.000008" file="web\src\features\chat\state\chatTabs.poison.test.ts" line="97" assertions="1" />
      <testcase name="routes direct, missing, and null engines to the chat surface" classname="threadUrl — engine-aware thread opening" time="0.000013" file="web\src\features\chat\state\chatTabs.poison.test.ts" line="101" assertions="3" />
      <testcase name="never produces a colon-prefixed route" classname="threadUrl — engine-aware thread opening" time="0.000025" file="web\src\features\chat\state\chatTabs.poison.test.ts" line="107" assertions="5" />
    </testsuite>
    <testsuite name="healTab — persisted poison repair" file="web\src\features\chat\state\chatTabs.poison.test.ts" line="114" tests="4" assertions="10" failures="0" skipped="0" time="0" hostname="">
      <testcase name="repairs a poisoned agent entry (chat kind + colon ref) by key" classname="healTab — persisted poison repair" time="0.000044" file="web\src\features\chat\state\chatTabs.poison.test.ts" line="115" assertions="1" />
      <testcase name="keeps well-formed chat/agent/page tabs byte-identical" classname="healTab — persisted poison repair" time="0.000026" file="web\src\features\chat\state\chatTabs.poison.test.ts" line="121" assertions="3" />
      <testcase name="drops empty refs and bare colon refs (unrepairable)" classname="healTab — persisted poison repair" time="0.000017" file="web\src\features\chat\state\chatTabs.poison.test.ts" line="130" assertions="3" />
      <testcase name="drops non-objects and keyless entries" classname="healTab — persisted poison repair" time="0.000015" file="web\src\features\chat\state\chatTabs.poison.test.ts" line="136" assertions="3" />
    </testsuite>
  </testsuite>
  <testsuite name="web\src\features\chat\state\chatTabs.resolveDraftId.test.ts" file="web\src\features\chat\state\chatTabs.resolveDraftId.test.ts" tests="8" assertions="16" failures="0" skipped="0" time="0.0007227" hostname="">
    <testsuite name="resolveDraftId" file="web\src\features\chat\state\chatTabs.resolveDraftId.test.ts" line="24" tests="4" assertions="11" failures="0" skipped="0" time="0" hostname="">
      <testcase name="binds a Direct first send by rewriting the draft key in place" classname="resolveDraftId" time="0.000106" file="web\src\features\chat\state\chatTabs.resolveDraftId.test.ts" line="27" assertions="3" />
      <testcase name="binds an OpenCode first send by swapping the draft for an agent tab" classname="resolveDraftId" time="0.000066" file="web\src\features\chat\state\chatTabs.resolveDraftId.test.ts" line="35" assertions="3" />
      <testcase name="treats unknown engine as Direct (legacy rows predate the column)" classname="resolveDraftId" time="0.000046" file="web\src\features\chat\state\chatTabs.resolveDraftId.test.ts" line="43" assertions="2" />
      <testcase name="keeps other open tabs untouched in both branches" classname="resolveDraftId" time="0.000077" file="web\src\features\chat\state\chatTabs.resolveDraftId.test.ts" line="50" assertions="3" />
    </testsuite>
    <testsuite name="threadEngine" file="web\src\features\chat\state\chatTabs.resolveDraftId.test.ts" line="62" tests="4" assertions="5" failures="0" skipped="0" time="0" hostname="">
      <testcase name="reads opencode from the row" classname="threadEngine" time="0.00002" file="web\src\features\chat\state\chatTabs.resolveDraftId.test.ts" line="63" assertions="1" />
      <testcase name="reads direct from the row" classname="threadEngine" time="0.000008" file="web\src\features\chat\state\chatTabs.resolveDraftId.test.ts" line="67" assertions="1" />
      <testcase name="defaults absent engine to direct (legacy rows)" classname="threadEngine" time="0.000009" file="web\src\features\chat\state\chatTabs.resolveDraftId.test.ts" line="71" assertions="2" />
      <testcase name="defaults unexpected values to direct (never strand on a bad surface)" classname="threadEngine" time="0.000006" file="web\src\features\chat\state\chatTabs.resolveDraftId.test.ts" line="76" assertions="1" />
    </testsuite>
  </testsuite>
  <testsuite name="web\src\features\chat\state\welcomeEngine.test.ts" file="web\src\features\chat\state\welcomeEngine.test.ts" tests="15" assertions="39" failures="0" skipped="0" time="0.0010134" hostname="">
    <testsuite name="welcome engine store — engine switch semantics" file="web\src\features\chat\state\welcomeEngine.test.ts" line="111" tests="7" assertions="19" failures="0" skipped="0" time="0" hostname="">
      <testcase name="defaults to the Direct engine with empty agent/model" classname="welcome engine store — engine switch semantics" time="0.000043" file="web\src\features\chat\state\welcomeEngine.test.ts" line="117" assertions="3" />
      <testcase name="setEngine(&apos;opencode&apos;) clears a prior agent + model pick (no stale leak)" classname="welcome engine store — engine switch semantics" time="0.000086" file="web\src\features\chat\state\welcomeEngine.test.ts" line="123" assertions="4" />
      <testcase name="setEngine back to &apos;direct&apos; also clears agent + model" classname="welcome engine store — engine switch semantics" time="0.000025" file="web\src\features\chat\state\welcomeEngine.test.ts" line="135" assertions="3" />
      <testcase name="setAgent persists the agent without touching engine" classname="welcome engine store — engine switch semantics" time="0.000022" file="web\src\features\chat\state\welcomeEngine.test.ts" line="144" assertions="3" />
      <testcase name="setAgent(&apos;&apos;) explicitly clears the agent (toggle-off)" classname="welcome engine store — engine switch semantics" time="0.000019" file="web\src\features\chat\state\welcomeEngine.test.ts" line="154" assertions="2" />
      <testcase name="setModel persists the model without touching engine/agent" classname="welcome engine store — engine switch semantics" time="0.000021" file="web\src\features\chat\state\welcomeEngine.test.ts" line="162" assertions="3" />
      <testcase name="setModel(&apos;&apos;) explicitly clears the model (toggle-off)" classname="welcome engine store — engine switch semantics" time="0.000025" file="web\src\features\chat\state\welcomeEngine.test.ts" line="172" assertions="1" />
    </testsuite>
    <testsuite name="getWelcomeEngineSnapshot — non-React caller shape" file="web\src\features\chat\state\welcomeEngine.test.ts" line="180" tests="2" assertions="6" failures="0" skipped="0" time="0" hostname="">
      <testcase name="returns the full { engine, agent, model, variant } shape" classname="getWelcomeEngineSnapshot — non-React caller shape" time="0.000048" file="web\src\features\chat\state\welcomeEngine.test.ts" line="186" assertions="3" />
      <testcase name="returns empty strings for a fresh Direct default" classname="getWelcomeEngineSnapshot — non-React caller shape" time="0.000019" file="web\src\features\chat\state\welcomeEngine.test.ts" line="204" assertions="3" />
    </testsuite>
    <testsuite name="welcome engine store — localStorage persistence + fallback" file="web\src\features\chat\state\welcomeEngine.test.ts" line="212" tests="6" assertions="14" failures="0" skipped="0" time="0" hostname="">
      <testcase name="persists each mutation under the tbai:welcome-engine key" classname="welcome engine store — localStorage persistence + fallback" time="0.000058" file="web\src\features\chat\state\welcomeEngine.test.ts" line="218" assertions="2" />
      <testcase name="setEngine persists the cleared agent/model (not the stale ones)" classname="welcome engine store — localStorage persistence + fallback" time="0.00003" file="web\src\features\chat\state\welcomeEngine.test.ts" line="241" assertions="1" />
      <testcase name="initial state equals the documented fallback (load() catch branch)" classname="welcome engine store — localStorage persistence + fallback" time="0.000024" file="web\src\features\chat\state\welcomeEngine.test.ts" line="267" assertions="2" />
      <testcase name="load() normalizes a seeded record on next read (happy path)" classname="welcome engine store — localStorage persistence + fallback" time="0.000028" file="web\src\features\chat\state\welcomeEngine.test.ts" line="283" assertions="4" />
      <testcase name="load() normalizes a corrupted record back to the fallback" classname="welcome engine store — localStorage persistence + fallback" time="0.000025" file="web\src\features\chat\state\welcomeEngine.test.ts" line="304" assertions="3" />
      <testcase name="persist() swallows setItem failures — state stays in-memory" classname="welcome engine store — localStorage persistence + fallback" time="0.000068" file="web\src\features\chat\state\welcomeEngine.test.ts" line="323" assertions="2" />
    </testsuite>
  </testsuite>
  <testsuite name="web\src\features\chat\state\welcomeScope.test.ts" file="web\src\features\chat\state\welcomeScope.test.ts" tests="5" assertions="21" failures="0" skipped="0" time="0.0005249" hostname="">
    <testsuite name="welcome config — no hardcoded UI values" file="web\src\features\chat\state\welcomeScope.test.ts" line="5" tests="1" assertions="17" failures="0" skipped="0" time="0" hostname="">
      <testcase name="exposes copy, layout tokens, and three quick-action tabs" classname="welcome config — no hardcoded UI values" time="0.000082" file="web\src\features\chat\state\welcomeScope.test.ts" line="6" assertions="17" />
    </testsuite>
    <testsuite name="welcome scope store — durable folder selection" file="web\src\features\chat\state\welcomeScope.test.ts" line="24" tests="4" assertions="4" failures="0" skipped="0" time="0" hostname="">
      <testcase name="defaults to a disposable workspace" classname="welcome scope store — durable folder selection" time="0.000044" file="web\src\features\chat\state\welcomeScope.test.ts" line="38" assertions="1" />
      <testcase name="normalizes a project scope without a folder back to simple" classname="welcome scope store — durable folder selection" time="0.000019" file="web\src\features\chat\state\welcomeScope.test.ts" line="45" assertions="1" />
      <testcase name="drops a folder that no longer exists (deleted-folder edge)" classname="welcome scope store — durable folder selection" time="0.000048" file="web\src\features\chat\state\welcomeScope.test.ts" line="50" assertions="1" />
      <testcase name="keeps a live folder selection" classname="welcome scope store — durable folder selection" time="0.000018" file="web\src\features\chat\state\welcomeScope.test.ts" line="59" assertions="1" />
    </testsuite>
  </testsuite>
</testsuites>
